
P A U P *
Version 4.0a (build 168) for Unix/Linux (built on Aug  2 2020 at 07:10:27)
Sat Mar 23 14:57:43 2024


Current directory set to /nobackup/tmjj24/ddRAD/Demultiplexed_seq_processing/SNP_libraries_SDC_v3/Hetaerina_americana_ddRAD_americana_dg/SVDQuartets

Processing of file
"/nobackup/tmjj24/ddRAD/Demultiplexed_seq_processing/SNP_libraries_SDC_v3/Hetaerina_americana_ddRAD_americana_dg/SVDQuartets/Hetaerina_americana_ddRAD
_americana_dg.noX.noCUAJ.nex" begins...

Data read in DNA format

Data matrix has 57 taxa, 5608 characters
Valid character-state symbols: ACGT
Missing data identified by '?'
Gaps identified by '-'
"Equate" macros in effect:
   R,r ==> {AG}
   Y,y ==> {CT}
   M,m ==> {AC}
   K,k ==> {GT}
   S,s ==> {CG}
   W,w ==> {AT}
   H,h ==> {ACT}
   B,b ==> {CGT}
   V,v ==> {ACG}
   D,d ==> {AGT}
   N,n ==> {ACGT}

Processing of input file "Hetaerina_americana_ddRAD_americana_dg.noX.noCUAJ.nex" completed.

Analysis using SVDQuartets method

  Number of taxa (lineages) in the analysis = 57
  No species-membership partition is in effect; assuming one tip per species
  Quartet sampling = random (seed = generated automatically)
  Number of random quartets sampled = 100000
    This number equals the number of taxa raised to the power of 2.848,
    and represents 25.32% of the total number of distinct quartets
  Doing standard bootstrap analysis
    Initial bootstrap seed comes from same sequence as random quartet sampling
    Number of bootstrap replicates = 100
  Tree model = multispecies coalescent (expected rank of flattening matrix for true tree = 10)
  Using 20 parallel threads on 128 processors
  Tree search:
    Quartet assembly algorithm = QFM
    Local search = none

Quartet assembly completed:
  Total weight of incompatible quartets = 16471 (16.471%)
  Total weight of compatible quartets   = 83529 (83.529%)
  Time used for QFM = 6.84 sec (CPU time = 00:01:33.7)

Tree from SVDQuartets analysis (also stored to tree buffer):

/------------------------------------------------------------------------------------------------------------------------------------------ 05LT11
|
|                                                                                                                    /--------------------- 05PU01
|                                                                                                                    |
|                                                                                                         /----------+         /----------- 05SI24
|                                                                                                         |          \---------+
|                                                                                               /---------+                    \----------- HXRCaAM01
|                                                                                               |         |
|                                                                                    /----------+         \-------------------------------- 10AP36
|                                                                                    |          |
|                                                                                    |          \------------------------------------------ TULIaAM01
|                                                                         /----------+
|                                                                         |          |                                         /----------- NMSCaAM03
|                                                                         |          |                               /---------+
|                                                                         |          |                               |         \----------- TXRSbAM04
|                               /-----------------------------------------+          \-------------------------------+
|                               |                                         |                                          \--------------------- TULIaAM02
|                               |                                         |
|                               |                                         |                                                    /----------- RG0101
|                               |                                         \----------------------------------------------------+
|                               |                                                                                              \----------- RG0103
|                               |
|                               |                                                                                              /----------- EAFB014142
|                               |                                                                                    /---------+
|                               |                                                                                    |         \----------- EAFB014146
|                               |                                                               /--------------------+
|                               |                                                               |                    |         /----------- EAFB014144
|                               |                                                               |                    \---------+
|                               |                                                               |                              \----------- EAFB014149
|                               |                                                               |
|                               |                                                    /----------+                    /--------------------- MS0222
|                               |                                                    |          |                    |
|                               |                                                    |          |         /----------+         /----------- WCKC14173
|                               |                                                    |          |         |          \---------+
|                               |                                                    |          \---------+                    \----------- WCKC14176
|                               |                                         /----------+                    |
|                               |                                         |          |                    |                    /----------- TN0119
|                               |                                         |          |                    \--------------------+
|                               |                                         |          |                                         \----------- TN0120
|                               |                                         |          |
|                               |                               /---------+          \----------------------------------------------------- TN0414
|                               |                               |         |
|                               |                               |         |                                                    /----------- GL23898
|                               |                               |         |                                          /---------+
|                               |                               |         |                                          |         \----------- MEBA014006
|                               |                               |         \------------------------------------------+
|                               |                               |                                                    |         /----------- IL0204
|                               |                               |                                                    \---------+
|                               |                               |                                                              \----------- MO0214
|                    /----------+                               |
|                    |          |                               |                                                              /----------- GL23892
|                    |          |                               |                                                    /---------+
|                    |          |                               |                                                    |         \----------- OK0105
|                    |          |                               |                                         /----------+
|                    |          |                               |                                         |          |         /----------- OK0102
|                    |          |                               |                                         |          \---------+
|                    |          |                               |                               /---------+                    \----------- OK0104
|                    |          |                               |                               |         |
|                    |          |                    /----------+                               |         \-------------------------------- SJ01.20
|                    |          |                    |          |                    /----------+
|                    |          |                    |          |                    |          |                              /----------- MO0110
|                    |          |                    |          |                    |          |                    /---------+
|                    |          |                    |          |                    |          |                    |         \----------- MO0112
|                    |          |                    |          |                    |          \--------------------+
|                    |          |                    |          |                    |                               \--------------------- MO0213
|                    |          |                    |          |                    |
|                    |          |                    |          |         /----------+                                         /----------- IL0203
|                    |          |                    |          |         |          |                    /--------------------+
|                    |          |                    |          |         |          |                    |                    \----------- MI0407
|                    |          |                    |          |         |          |          /---------+
|                    |          |                    |          |         |          |          |         |          /--------------------- MI0409
|                    |          |                    |          |         |          |          |         |          |
|                    |          |                    |          |         |          |          |         \----------+         /----------- MI0504
|                    |          |                    |          |         |          \----------+                    \---------+
|          /---------+          |         /----------+          |         |                     |                              \----------- MI0505
|          |         |          |         |          |          |         |                     |
|          |         |          |         |          |          \---------+                     |                              /----------- IL0301
|          |         |          |         |          |                    |                     \------------------------------+
|          |         |          |         |          |                    |                                                    \----------- IL0302
|          |         |          |         |          |                    |
|          |         |          |         |          |                    |                                                    /----------- IA0101
|          |         |          |         |          |                    |                                          /---------+
|          |         |          |         |          |                    |                                          |         \----------- IA0607
|          |         |          \---------+          |                    |                               /----------+
|          |         |                    |          |                    |                     /---------+          \--------------------- IA0506
|          |         |                    |          |                    |                     |         |
|          |         |                    |          |                    \---------------------+         \-------------------------------- IA0103
|          |         |                    |          |                                          |
|          |         |                    |          |                                          \------------------------------------------ IA0608
|          |         |                    |          |
|          |         |                    |          \------------------------------------------------------------------------------------- TN0413
|          |         |                    |
|          |         |                    \------------------------------------------------------------------------------------------------ MO0111
\----------+         |
           |         |                                                                                               /--------------------- HXRCcAM01
           |         |                                                                                               |
           |         |                                                                          /--------------------+         /----------- STDMaAM01
           |         |                                                                          |                    \---------+
           |         |                                                                          |                              \----------- STDMaAM02
           |         |                                                                          |
           |         \--------------------------------------------------------------------------+                              /----------- HXRCcAM02
           |                                                                                    |         /--------------------+
           |                                                                                    |         |                    \----------- HXRCcAM03
           |                                                                                    |         |
           |                                                                                    \---------+                    /----------- TXRSaAM01
           |                                                                                              |          /---------+
           |                                                                                              |          |         \----------- TXRSbAM03
           |                                                                                              \----------+
           |                                                                                                         \--------------------- TXRSaAM04
           |
           |                                                                                                                   /----------- 05SI11
           \-------------------------------------------------------------------------------------------------------------------+
                                                                                                                               \----------- EC0101

Bootstrap 50% majority-rule consensus tree
   (plus other groups compatible with this tree)

/-------------------------------------------------------------------------------------------------------------------------------------- 05LT11(1)
|
|                                                                                                                            /--------- 05PU01(2)
|                                                                                                                   /---57---+
|                                                                                                                   |        \--------- 05SI24(4)
|                                                                                                          /---42---+
|                                                                                                 /---19---+        \------------------ HXRCaAM01(13)
|                                                                                                 |        |
|                                                                                        /---14---+        \--------------------------- 10AP36(5)
|                                                                                        |        |
|                                                                                        |        \------------------------------------ TULIaAM01(50)
|                                                                               /---33---+
|                                                                               |        |                                   /--------- NMSCaAM03(37)
|                                                                               |        |                          /---34---+
|                                                                               |        |                          |        \--------- TXRSbAM04(55)
|                                   /--------------------100--------------------+        \------------43------------+
|                                   |                                           |                                   \------------------ TULIaAM02(51)
|                                   |                                           |
|                                   |                                           |                                            /--------- RG0101(41)
|                                   |                                           \--------------------100---------------------+
|                                   |                                                                                        \--------- RG0103(42)
|                                   |
|                                   |                                                                                        /--------- EAFB014142(6)
|                                   |                                                                               /--100---+
|                                   |                                                                               |        \--------- EAFB014146(8)
|                                   |                                                    /-----------100------------+
|                                   |                                                    |                          |        /--------- EAFB014144(7)
|                                   |                                                    |                          \---95---+
|                                   |                                                    |                                   \--------- EAFB014149(9)
|                                   |                                                    |
|                                   |                                                    |                          /------------------ MS0222(36)
|                                   |                          /-----------100-----------+                          |
|                                   |                          |                         |                 /---57---+        /--------- WCKC14173(56)
|                                   |                          |                         |                 |        \--100---+
|                                   |                          |                         |        /---45---+                 \--------- WCKC14176(57)
|                                   |                          |                         |        |        |
|                                   |                          |                         |        |        |                 /--------- TN0119(46)
|                                   |                          |                         \---35---+        \-------90--------+
|                                   |                          |                                  |                          \--------- TN0120(47)
|                                   |                          |                                  |
|                                   |                          |                                  \------------------------------------ TN0414(49)
|                                   |                          |
|                                   |                          |                                                             /--------- GL23892(11)
|                                   |                          |                                                    /---49---+
|                                   |                          |                                                    |        \--------- SJ01.20(43)
|                                   |                          |                                           /---27---+
|                                   |                          |                                           |        \------------------ OK0105(40)
|                                   |                          |                                  /---83---+
|                          /--100---+                          |                                  |        |                 /--------- OK0102(38)
|                          |        |                          |                                  |        \-------30--------+
|                          |        |                          |                         /---28---+                          \--------- OK0104(39)
|                          |        |                          |                         |        |
|                          |        |                          |                         |        |                 /------------------ MO0110(31)
|                          |        |                 /---52---+                         |        |                 |
|                          |        |                 |        |                         |        \-------66--------+        /--------- MO0112(33)
|                          |        |                 |        |                         |                          \---41---+
|                          |        |                 |        |                         |                                   \--------- MO0213(34)
|                          |        |                 |        |                /---6----+
|                          |        |                 |        |                |        |                                   /--------- IA0101(17)
|                          |        |                 |        |                |        |                          /---25---+
|                          |        |                 |        |                |        |                          |        \--------- IA0607(20)
|                          |        |                 |        |                |        |                 /---18---+
|                          |        |                 |        |                |        |                 |        |        /--------- IA0103(18)
|                          |        |                 |        |                |        |                 |        \---26---+
|                          |        |                 |        |                |        \-------33--------+                 \--------- IA0506(19)
|                          |        |                 |        |                |                          |
|                          |        |                 |        |       /---88---+                          \--------------------------- IA0608(21)
|                          |        |                 |        |       |        |
|                          |        |                 |        |       |        |                 /------------------------------------ IL0203(22)
|                          |        |                 |        |       |        |                 |
|                          |        |                 |        |       |        |                 |                 /------------------ MI0407(27)
|                          |        |                 |        |       |        |        /---89---+                 |
|                          |        |        /---45---+        |       |        |        |        |        /---29---+        /--------- MI0504(29)
|                          |        |        |        |        |       |        |        |        |        |        \---72---+
|                          |        |        |        |        |       |        |        |        \---50---+                 \--------- MI0505(30)
|                          |        |        |        |        \--45---+        \---24---+                 |
|                          |        |        |        |                |                 |                 \--------------------------- MI0409(28)
|                 /---73---+        |        |        |                |                 |
|                 |        |        |        |        |                |                 |                                   /--------- IL0301(24)
|                 |        |        |        |        |                |                 \----------------37-----------------+
|                 |        |        |        |        |                |                                                     \--------- IL0302(25)
|                 |        |        |        |        |                |
|                 |        |        \--100---+        |                |                                                     /--------- GL23898(12)
|                 |        |                 |        |                |                                            /---90---+
|                 |        |                 |        |                |                                            |        \--------- MEBA014006(26)
|                 |        |                 |        |                \---------------------48---------------------+
|                 |        |                 |        |                                                             |        /--------- IL0204(23)
|                 |        |                 |        |                                                             \---41---+
|                 |        |                 |        |                                                                      \--------- MO0214(35)
|                 |        |                 |        |
|                 |        |                 |        \-------------------------------------------------------------------------------- TN0413(48)
|                 |        |                 |
|                 |        |                 \----------------------------------------------------------------------------------------- MO0111(32)
|                 |        |
|        /---38---+        |                                                                      /------------------------------------ HXRCcAM01(14)
|        |        |        |                                                                      |
|        |        |        |                                                             /---19---+        /--------------------------- HXRCcAM03(16)
|        |        |        |                                                             |        |        |
|        |        |        |                                                             |        \---25---+                 /--------- TXRSaAM01(52)
|        |        |        |                                                             |                 |        /---57---+
|        |        |        |                                                    /---27---+                 |        |        \--------- TXRSbAM03(54)
|        |        |        |                                                    |        |                 \---93---+
|        |        |        |                                                    |        |                          \------------------ TXRSaAM04(53)
\--------+        |        |                                           /---28---+        |
         |        |        |                                           |        |        \--------------------------------------------- HXRCcAM02(15)
         |        |        |                                           |        |
         |        |        \--------------------100--------------------+        \------------------------------------------------------ STDMaAM01(44)
         |        |                                                    |
         |        |                                                    \--------------------------------------------------------------- STDMaAM02(45)
         |        |
         |        \-------------------------------------------------------------------------------------------------------------------- 05SI11(3)
         |
         \----------------------------------------------------------------------------------------------------------------------------- EC0101(10)

Bipartitions found in one or more trees and frequency of occurrence (bootstrap support values):

         1         2         3         4         5      5
123456789012345678901234567890123456789012345678901234567          Freq
-----------------------------------------------------------------------
.............***...........................**......***...           100
.......................................................**           100
.....*.*.................................................           100
.....****................................................           100
.....****..........................*.........**.*......**           100
.....****.**....********************.***..*..****......**           100
........................................**...............           100
.*.**.......*.......................*...**.......**...*..           100
.*.******.***...***************************..******...***           100
......*.*................................................            95
...................................................***...            93
...........*.............*...............................            90
.............................................**..........            90
.....................*....****...........................            89
..........*.....******.**.*****.**...***..*..............            88
..........*..........................***..*..............            83
.*.******.***********************************************            73
............................**...........................            72
..............................*.**.......................            66
...................................*...................**            57
.*.*.....................................................            57
...................................................*.*...            57
.....****.**....***************.****.***..*..**.*......**            52
..........................****...........................            50
..........*...............................*..............            49
...........*..........*..*........*......................            48
..........**....***************.***..***..*..............            45
...................................*.........**........**            45
.....****.**....***************.****.***..*..****......**            45
....................................*.............*...*..            43
.*.*........*............................................            42
......................*...........*......................            41
................................**.......................            41
..............................*.*........................            40
.********.***********************************************            38
.......................**................................            37
..*......*...............................................            36
...................................*.........**.*......**            35
....................................*.................*..            34
.............................................**........**            33
.*.**.......*.......................*............**...*..            33
................*****....................................            33
.....****.**....********************.***..*..**.*......**            31
.....................................**..................            30
..........................*.**...........................            29
..........*...................*.**...***..*..............            28
.............***...........................*.......***...            28
..................................................*...*..            28
.............***...................................***...            27
..........*............................*..*..............            27
...........................***...........................            26
.................**......................................            26
...................................................**....            25
..........**....******.********.**...***..*..............            25
...............*...................................***...            25
................*..*.....................................            25
.....................*.**.****...........................            24
....................................*...**........*...*..            24
.............................................**.*........            24
...........*.............*........*......................            24
.....****..........................*.........****......**            23
.....****.*.....******.**.*****.**.*.***..*..**.*......**            23
.............*.....................................***...            23
.................***.....................................            22
.*.**....................................................            22
...*........*............................................            22
..........*...........................**..*..............            22
..........................**.............................            22
.*.******************************************************            22
.....****.......................................*........            21
...........................................**............            20
....................................*.............*......            20
..............*....................................***...            19
..*..........***...........................**......***...            19
..............*............................*.............            19
.............*.*...................................***...            19
.*.**.......*............................................            19
..........*............................*.................            19
.............*..............................*............            19
.................*.*.....................................            18
....................................................**...            18
.....****..........................*.........**........**            18
................****.....................................            18
................*...*....................................            17
..........*..........................*.*..*..............            17
.....................*.....*.............................            17
..............................*..*.......................            17
....*............................................*.......            15
.................**.*....................................            15
.............................................**.*......**            15
................*****..*.................................            15
.....................................*.*.................            14
...........*..........*..*...............................            14
......................................**.................            14
.*.*........*.......................*.............*...*..            14
................******.**.*****.**.......................            14
.*.**.......*....................................*.......            14
...............................*..*......................            13
.....................*....*..............................            13
............*.......................*.............*...*..            13
.....****..........................*...................**            13
..................**.....................................            13
..............**...................................***...            13
..................*.*....................................            13
.....................*.**.*****.**.......................            13
.....................*.....***...........................            13
.*.**.......*.......................*.............*...*..            12
.............**....................................***...            12
..........*..........................**...*..............            12
..........*.....*****..**.....*.**...***..*..............            12
..........*...........................*...*..............            12
.....................*.*..****...........................            12
.*.*........*.......................*............**...*..            12
................*****..**................................            11
...............................*...............*.........            11
.*..........*............................................            11
..........*..........................*....*..............            11
.............**..........................................            11
.......................................*..*..............            11
.............*.*.........................................            11
...........................*.*...........................            11
.*.**.......*.......................*...**........*...*..            11
..............**...........................*.......***...            10
..........**....***************.**...***..*..............            10
..........**....*******************..***..*..............            10
........................*.....*.**.......................            10
.................*..*....................................            10
....................................*...**...............            10
.*.*........*.......................*...**.......**...*..            10
................*.*......................................            10
.*.*........*....................................*.......            10
.............*.............................**............            10
..........*...........................*..................            10
.................****....................................            10
.....................*..*.*****.**.......................             9
.....................*....*****.**.......................             9
....................*...*................................             9
................**.......................................             9
..........**.............*...........***..*..............             9
..........*..........................***.................             8
........................*.....*.*........................             8
.............***............................*......***...             8
.....****.*.....******.**.*****.**.*.***..*..****......**             8
.....................*..*.****...........................             8
..............**.........................................             8
...........*..........*..*.....*..*......................             8
.....................*......**...........................             8
.....................................***.................             7
.....****..........................*............*......**             7
............*.......................*...**........*...*..             7
..........*.....**.***.**.*****.**...***..*..............             7
....................................*...**.......**...*..             7
.....................*....*.**...........................             7
..........*......................*...***..*..............             7
............*.......................*.............*......             7
..........................*.*............................             7
..............**...........................*.............             7
................**.*.....................................             7
......................*........*..*......................             7
..............*.............................*............             7
.*..*....................................................             7
...............*...........................*.............             6
...................**....................................             6
..........*.....*****.........*.**...***..*..............             6
.....................*....**.............................             6
.............**............................**......***...             6
................***......................................             6
................***.*....................................             6
..............................................*........**             6
....................*..**................................             6
..........*.............*.....*.**...***..*..............             6
.................***...*.................................             5
.*.**............................................*.......             5
..........................*..*...........................             5
.................*.**....................................             5
.*.*........*.....................................*...*..             5
.*.**.......*.....................................*...*..             5
.................*.....*.................................             5
......................................*...*..............             5
..................*....*.................................             5
....................................*............*.......             5
.....................................*....*..............             5
..........*...........................**.................             5
..........**....******.********.***..***..*..............             5
.............**.............................*............             5
.............**............................*.......***...             5
................*.**.....................................             5
.............**............................**............             5
.............***...........................*.............             5
.....****....................................**.*........             5
..........*..........*.**.*****.**...***..*..............             5
........................*.....*..........................             5
................****...*.................................             5
.............**.............................*......***...             5
...............*...........................*.......***...             5
...............*............................*............             5
............*.......................*...**.......**...*..             5
............*.......................*....................             5
.....****....................................**.*......**             5
..............*............................**............             5
.....****.**....***************.**.*.***..*..**.*......**             5
.........*...***...........................**......***...             5
.............***.........................................             5

406 groups at (relative) frequency less than 5% not shown

Bootstrap consensus tree stored to tree buffer (replacing previously stored tree)

Time used for SVDQuartet analysis = 00:10:45 (CPU time = 03:06:50.7)

1 tree saved to file
"/nobackup/tmjj24/ddRAD/Demultiplexed_seq_processing/SNP_libraries_SDC_v3/Hetaerina_americana_ddRAD_americana_dg/SVDQuartets/Hetaerina_americana_ddRAD
_americana_dg_T20.tre"
