
P A U P *
Version 4.0a (build 168) for Unix/Linux (built on Aug  2 2020 at 07:10:27)
Tue Mar 12 19:58:48 2024


Current directory set to /nobackup/tmjj24/ddRAD/Demultiplexed_seq_processing/SNP_libraries_SDC_v2/Hetaerina_americana_ddRAD_titia_dg/SVDQuartets

Processing of file
"/nobackup/tmjj24/ddRAD/Demultiplexed_seq_processing/SNP_libraries_SDC_v2/Hetaerina_americana_ddRAD_titia_dg/SVDQuartets/Hetaerina_americana_ddRAD_tit
ia_dg.noX.noCUAJ.nex" begins...

Data read in DNA format

Data matrix has 57 taxa, 1798 characters
Valid character-state symbols: ACGT
Missing data identified by '?'
Gaps identified by '-'
"Equate" macros in effect:
   R,r ==> {AG}
   Y,y ==> {CT}
   M,m ==> {AC}
   K,k ==> {GT}
   S,s ==> {CG}
   W,w ==> {AT}
   H,h ==> {ACT}
   B,b ==> {CGT}
   V,v ==> {ACG}
   D,d ==> {AGT}
   N,n ==> {ACGT}

Processing of input file "Hetaerina_americana_ddRAD_titia_dg.noX.noCUAJ.nex" completed.

Analysis using SVDQuartets method

  Number of taxa (lineages) in the analysis = 57
  No species-membership partition is in effect; assuming one tip per species
  Quartet sampling = random (seed = generated automatically)
  Number of random quartets sampled = 100000
    This number equals the number of taxa raised to the power of 2.848,
    and represents 25.32% of the total number of distinct quartets
  Doing standard bootstrap analysis
    Initial bootstrap seed comes from same sequence as random quartet sampling
    Number of bootstrap replicates = 100
  Tree model = multispecies coalescent (expected rank of flattening matrix for true tree = 10)
  Using 20 parallel threads on 128 processors
  Tree search:
    Quartet assembly algorithm = QFM
    Local search = none

Quartet assembly completed:
  Total weight of incompatible quartets = 15391 (15.391%)
  Total weight of compatible quartets   = 84609 (84.609%)
  Time used for QFM = 1.07 sec (CPU time = 19.45 sec)

Tree from SVDQuartets analysis (also stored to tree buffer):

/------------------------------------------------------------------------------------------------------------------------------------------ 05LT11
|
|                                                                                              /------------------------------------------- 05PU01
|                                                                                              |
|                                                                                     /--------+        /---------------------------------- NMSCaAM03
|                                                                                     |        |        |
|                                                                                     |        |        |                        /--------- RG0101
|                                                                                     |        \--------+       /----------------+
|                                                                                     |                 |       |                \--------- RG0103
|                                                                                     |                 \-------+
|                                                                                     |                         |        /----------------- TULIaAM01
|                                  /--------------------------------------------------+                         |        |
|                                  |                                                  |                         \--------+       /--------- TULIaAM02
|                                  |                                                  |                                  \-------+
|                                  |                                                  |                                          \--------- TXRSbAM04
|                                  |                                                  |
|                                  |                                                  |                                          /--------- 05SI24
|                                  |                                                  |                                  /-------+
|                                  |                                                  |                                  |       \--------- HXRCaAM01
|                                  |                                                  \----------------------------------+
|                                  |                                                                                     \----------------- 10AP36
|                                  |
|                                  |                                                                                             /--------- EAFB014142
|                                  |                                                                                     /-------+
|                                  |                                                                                     |       \--------- EAFB014146
|                                  |                                                                            /--------+
|                                  |                                                                            |        |       /--------- EAFB014144
|                                  |                                                                            |        \-------+
|                                  |                                                                    /-------+                \--------- EAFB014149
|                                  |                                                                    |       |
|                                  |                                                                    |       \-------------------------- TN0414
|                                  |                /---------------------------------------------------+
|                                  |                |                                                   |       /-------------------------- MS0222
|                                  |                |                                                   |       |
|                                  |                |                                                   |       |                /--------- TN0119
|                                  |                |                                                   \-------+        /-------+
|                                  |                |                                                           |        |       \--------- TN0120
|                                  |                |                                                           \--------+
|                                  |                |                                                                    |       /--------- WCKC14173
|                                  |                |                                                                    \-------+
|                                  |                |                                                                            \--------- WCKC14176
|                                  |                |
|                                  |                |                                                                            /--------- GL23892
|                         /--------+                |                                                                    /-------+
|                         |        |                |                                                                    |       \--------- SJ01.20
|                         |        |                |                                                           /--------+
|                         |        |                |                                                   /-------+        \----------------- OK0104
|                         |        |                |                                                   |       |
|                         |        |                |                                          /--------+       \-------------------------- OK0105
|                         |        |                |                                          |        |
|                         |        |                |                                          |        \---------------------------------- OK0102
|                         |        |                |                                 /--------+
|                         |        |                |                                 |        |                         /----------------- MO0110
|                         |        |                |                                 |        |                         |
|                         |        |                |                                 |        \-------------------------+       /--------- MO0112
|                         |        |       /--------+                                 |                                  \-------+
|                         |        |       |        |                                 |                                          \--------- MO0213
|                         |        |       |        |                                 |
|                         |        |       |        |                         /-------+                                          /--------- IA0103
|                         |        |       |        |                         |       |                                  /-------+
|                         |        |       |        |                         |       |                                  |       \--------- IA0506
|                         |        |       |        |                         |       |                         /--------+
|                         |        |       |        |                         |       |        /----------------+        \----------------- IA0608
|                         |        |       |        |                         |       |        |                |
|                         |        |       |        |                         |       |        |                \-------------------------- IL0302
|                         |        |       |        |                         |       |        |
|                         |        |       |        |                         |       \--------+        /---------------------------------- IA0607
|                         |        |       |        |                         |                |        |
|                         |        |       |        |                /--------+                |        |                        /--------- IL0203
|                         |        |       |        |                |        |                \--------+                /-------+
|                         |        |       |        |                |        |                         |                |       \--------- MI0407
|                         |        |       |        |                |        |                         |       /--------+
|                         |        |       |        |                |        |                         |       |        \----------------- MI0409
|                /--------+        |       |        |                |        |                         \-------+
|                |        |        \-------+        |       /--------+        |                                 |                /--------- MI0504
|                |        |                |        |       |        |        |                                 \----------------+
|                |        |                |        |       |        |        |                                                  \--------- MI0505
|                |        |                |        |       |        |        |
|                |        |                |        |       |        |        \------------------------------------------------------------ IL0301
|                |        |                |        |       |        |
|                |        |                |        \-------+        \--------------------------------------------------------------------- IA0101
|                |        |                |                |
|                |        |                |                |                                                                    /--------- GL23898
|                |        |                |                |                                                   /----------------+
|                |        |                |                |                                                   |                \--------- MEBA014006
|                |        |                |                |                                                   |
|                |        |                |                \---------------------------------------------------+                /--------- IL0204
|                |        |                |                                                                    |        /-------+
|                |        |                |                                                                    |        |       \--------- MO0214
|                |        |                |                                                                    \--------+
|                |        |                |                                                                             \----------------- MO0111
|        /-------+        |                |
|        |       |        |                \----------------------------------------------------------------------------------------------- TN0413
|        |       |        |
|        |       |        |                                                                                                      /--------- HXRCcAM01
|        |       |        |                                                                             /------------------------+
|        |       |        |                                                                             |                        \--------- STDMaAM02
|        |       |        |                                                                             |
|        |       |        |                                                                    /--------+       /-------------------------- HXRCcAM02
|        |       |        |                                                                    |        |       |
|        |       |        |                                                                    |        |       |                /--------- HXRCcAM03
|        |       |        |                                                                    |        \-------+        /-------+
\--------+       |        |                                                                    |                |        |       \--------- TXRSaAM01
         |       |        \--------------------------------------------------------------------+                \--------+
         |       |                                                                             |                         |       /--------- TXRSaAM04
         |       |                                                                             |                         \-------+
         |       |                                                                             |                                 \--------- TXRSbAM03
         |       |                                                                             |
         |       |                                                                             \------------------------------------------- STDMaAM01
         |       |
         |       \------------------------------------------------------------------------------------------------------------------------- EC0101
         |
         \--------------------------------------------------------------------------------------------------------------------------------- 05SI11

Bootstrap 50% majority-rule consensus tree
   (plus other groups compatible with this tree)

/-------------------------------------------------------------------------------------------------------------------------------------- 05LT11(1)
|
|                                                                                           /------------------------------------------ 05PU01(2)
|                                                                                           |
|                                                                                           |                /------------------------- NMSCaAM03(37)
|                                                                                           |                |
|                                                                                   /--25---+        /--37---+       /----------------- TULIaAM01(50)
|                                                                                   |       |        |       |       |
|                                                                                   |       |        |       \--23---+        /-------- TULIaAM02(51)
|                                                                                   |       \---53---+               \---30---+
|                                                                                   |                |                        \-------- TXRSbAM04(55)
|                                                                          /---21---+                |
|                                                                          |        |                |                        /-------- RG0101(41)
|                                                                          |        |                \----------100-----------+
|                                                                  /--53---+        |                                         \-------- RG0103(42)
|                                                                  |       |        |
|                                                                  |       |        \-------------------------------------------------- HXRCaAM01(13)
|                                 /--------------100---------------+       |
|                                 |                                |       \----------------------------------------------------------- 10AP36(5)
|                                 |                                |
|                                 |                                \------------------------------------------------------------------- 05SI24(4)
|                                 |
|                                 |                                                                                           /-------- EAFB014142(6)
|                                 |                                                                                  /--100---+
|                                 |                                                                                  |        \-------- EAFB014146(8)
|                                 |                                                                          /--90---+
|                                 |                                                                          |       |        /-------- EAFB014144(7)
|                                 |                                                                          |       \---99---+
|                                 |                                                                  /--33---+                \-------- EAFB014149(9)
|                                 |                                                                  |       |
|                                 |                                                                  |       \------------------------- TN0414(49)
|                                 |               /------------------------66------------------------+
|                                 |               |                                                  |       /------------------------- MS0222(36)
|                                 |               |                                                  |       |
|                                 |               |                                                  |       |                /-------- TN0119(46)
|                                 |               |                                                  \--58---+       /---71---+
|                                 |               |                                                          |       |        \-------- TN0120(47)
|                                 |               |                                                          \--51---+
|                                 |               |                                                                  |        /-------- WCKC14173(56)
|                                 |               |                                                                  \---76---+
|                                 |               |                                                                           \-------- WCKC14176(57)
|                                 |               |
|                                 |               |                                                                           /-------- GL23892(11)
|                                 |               |                                                                  /---64---+
|                                 |               |                                                                  |        \-------- SJ01.20(43)
|                        /--100---+               |                                                          /--23---+
|                        |        |               |                                                          |       \----------------- OK0104(39)
|                        |        |               |                        /---------------30----------------+
|                        |        |               |                        |                                 |                /-------- OK0102(38)
|                        |        |               |                        |                                 \-------30-------+
|                        |        |               |                        |                                                  \-------- OK0105(40)
|                        |        |               |                        |
|                        |        |               |                        |                                                  /-------- IA0103(18)
|                        |        |               |                        |                                 /-------12-------+
|                        |        |       /--60---+                        |                                 |                \-------- IL0302(25)
|                        |        |       |       |                        |                                 |
|                        |        |       |       |                        |                /-------1--------+                /-------- IA0506(19)
|                        |        |       |       |                /---9---+                |                |       /---29---+
|                        |        |       |       |                |       |                |                |       |        \-------- IA0607(20)
|                        |        |       |       |                |       |                |                \--10---+
|                        |        |       |       |                |       |        /---3---+                        \----------------- IA0608(21)
|                        |        |       |       |                |       |        |       |
|                        |        |       |       |                |       |        |       |        /--------------------------------- IL0203(22)
|                        |        |       |       |                |       |        |       |        |
|                        |        |       |       |                |       |        |       \---28---+       /------------------------- MI0407(27)
|                        |        |       |       |                |       |        |                |       |
|                        |        |       |       |                |       |        |                \--28---+       /----------------- MI0409(28)
|                        |        |       |       |                |       \---4----+                        |       |
|                        |        |       |       |        /--71---+                |                        \--36---+        /-------- MI0504(29)
|                        |        |       |       |        |       |                |                                \---67---+
|                        |        |       |       |        |       |                |                                         \-------- MI0505(30)
|                        |        |       |       |        |       |                |
|                        |        |       |       |        |       |                |                                         /-------- MO0110(31)
|                        |        \--100--+       |        |       |                |                                /---31---+
|                /--64---+                |       |        |       |                |                                |        \-------- MO0112(33)
|                |       |                |       |        |       |                \---------------27---------------+
|                |       |                |       |        |       |                                                 \----------------- MO0213(34)
|                |       |                |       \---70---+       |
|                |       |                |                |       |                                                          /-------- IA0101(17)
|                |       |                |                |       \----------------------------22----------------------------+
|                |       |                |                |                                                                  \-------- IL0301(24)
|                |       |                |                |
|                |       |                |                |                                                                  /-------- GL23898(12)
|                |       |                |                |                                                 /-------69-------+
|                |       |                |                |                                                 |                \-------- MEBA014006(26)
|                |       |                |                \-----------------------26------------------------+
|                |       |                |                                                                  |       /----------------- IL0204(23)
|                |       |                |                                                                  |       |
|                |       |                |                                                                  \--25---+        /-------- MO0111(32)
|                |       |                |                                                                          \---42---+
|                |       |                |                                                                                   \-------- MO0214(35)
|                |       |                |
|       /---48---+       |                \-------------------------------------------------------------------------------------------- TN0413(48)
|       |        |       |
|       |        |       |                                                                  /------------------------------------------ HXRCcAM01(14)
|       |        |       |                                                                  |
|       |        |       |                                                                  |                                 /-------- HXRCcAM02(15)
|       |        |       |                                                          /--64---+        /-----------24-----------+
|       |        |       |                                                          |       |        |                        \-------- STDMaAM02(45)
|       |        |       |                                                          |       \---22---+
|       |        |       |                                                          |                |       /------------------------- HXRCcAM03(16)
|       |        |       |                                                          |                |       |
\-------+        |       \---------------------------100----------------------------+                \--49---+       /----------------- TXRSaAM01(52)
        |        |                                                                  |                        |       |
        |        |                                                                  |                        \--42---+        /-------- TXRSaAM04(53)
        |        |                                                                  |                                \---48---+
        |        |                                                                  |                                         \-------- TXRSbAM03(54)
        |        |                                                                  |
        |        |                                                                  \-------------------------------------------------- STDMaAM01(44)
        |        |
        |        \--------------------------------------------------------------------------------------------------------------------- EC0101(10)
        |
        \------------------------------------------------------------------------------------------------------------------------------ 05SI11(3)

Bipartitions found in one or more trees and frequency of occurrence (bootstrap support values):

         1         2         3         4         5      5
123456789012345678901234567890123456789012345678901234567          Freq
-----------------------------------------------------------------------
.............***...........................**......***...           100
.....*.*.................................................           100
.....****.**....********************.***..*..****......**           100
........................................**...............           100
.*.**.......*.......................*...**.......**...*..           100
.*.******.***...***************************..******...***           100
......*.*................................................            99
.....****................................................            90
.......................................................**            76
..........*.....******.**.*****.**...***..*..............            71
.............................................**..........            71
..........**....*******************..***..*..............            70
...........*.............*...............................            69
............................**...........................            67
.....****..........................*.........**.*......**            66
.............***............................*......***...            64
..........*...............................*..............            64
.*.******.***********************************************            64
.....****.**....********************.***..*..**.*......**            60
...................................*.........**........**            58
....................................*...**.......**...*..            53
.*..*.......*.......................*...**.......**...*..            53
.............................................**........**            51
...............*...................................***...            49
.*.******************************************************            48
....................................................**...            48
...............................*..*......................            42
...................................................***...            42
...................................*...................**            38
....................................*............**...*..            37
...........................***...........................            36
.....****.......................................*........            33
..............................*.*........................            31
.....****..........................*.........****......**            31
..........*..........................***..*..............            30
.********.***********************************************            30
..................................................*...*..            30
.....................................*.*.................            30
..................**.....................................            29
..........................****...........................            28
.....................*....****...........................            28
..............................*.**.......................            27
...................................................*.*...            26
...........*..........*..*.....*..*......................            26
.*..................................*...**.......**...*..            25
....*.......*.......................*...**.......**...*..            25
......................*........*..*......................            25
..........**....***************.**...***..*..............            24
......................*...........*......................            24
..............*.............................*............            24
...........*..........*..*...............................            23
..........*...........................*...*..............            23
.................................................**...*..            23
............*.......................*...**.......**...*..            22
................*......*.................................            22
.*.**********...***************************..******...***            22
..............**............................*......***...            22
................................**.......................            22
.................................................**......            22
....................................*.............*...*..            21
.*..........*.......................*...**.......**...*..            21
...................................*.........**.*......**            21
..............**...................................***...            20
..........**....******.********.**...***..*..............            20
..........*......*****.**.*****.**...***..*..............            19
.....................*....*..............................            19
.......................*..*..............................            18
.............***...................................***...            18
..*......*...............................................            18
....*...............................*...**.......**...*..            18
...*........*............................................            18
..............................*..*.......................            17
...........*..........*..*........*......................            17
...............*...................................*.....            17
.............*.............................*.............            17
..................*.....*................................            16
..........**....***************.***..***..*..............            16
.................**......................................            16
.............**.............................*............            16
.............*..............................*............            16
.....****..........................*.........**........**            15
....*.......*............................................            15
....................................*............**......            15
....................................*.............*......            14
...............*....................................*....            14
..........................**.............................            14
..................*.*....................................            14
............*...........................**...............            13
.*.*........*.......................*...**.......**...*..            13
....................................*.................*..            13
.............**..........................................            13
....................................*............*.......            13
.*..*...............................*...**.......**...*..            13
..........*..........................**...*..............            12
..........................*.**...........................            12
.................*......*................................            12
.................................................*....*..            12
....................................*...**...............            12
.....................................**..................            11
.................**.....*................................            11
.............................................*.........**            11
....................................*...**........*...*..            11
......................*........*.........................            11
.*.*.....................................................            10
..............**.........................................            10
........................................**.......*.......            10
...............*............................*......***...            10
...........................*.*...........................            10
.....................*.....***...........................            10
...**....................................................            10
..................***....................................            10
...............................................**........            10
.....****..........................*.....................            10
...........*.............*........*......................            10
...............*............................*............            10
..........*..........................*...................             9
.....****.**....***************.**.*.***..*..**.*......**             9
.............*.*...................................***...             9
.....................*.**.****...........................             9
..........*..........................*.*..*..............             9
..........*.........*.....................*..............             9
..........*............................*..*..............             9
.............***............................*............             9
...........*..........*..................................             9
..........*......*****..*.*****.**...***..*..............             9
..........*..........................**..................             8
......................................**.................             8
..........**....******.**.*****.**...***..*..............             8
.......................**................................             8
..........*.........*.................*...*..............             8
...........................**............................             8
........................*.*..............................             8
..........**....*********.*****.**...***..*..............             8
.................***.....................................             8
...................................................**....             8
..............................*...........*..............             8
........................................**.......**...*..             8
.............................................**.*......**             8
..........*..........................*.*.................             8
.................*..*....................................             7
...**.......*............................................             7
..*..........***...........................**......***...             7
...**.......*.......................*...**.......**...*..             7
...................................*....................*             7
...............*....................................**...             7
.................*...............*.......................             7
..........*.....******.**.*****.**...**...*..............             7
...........*.............*.....*..*......................             7
..........*.........*................***..*..............             7
.....****..........................*............*........             7
.....................*..*.****...........................             7
...................................*...........*.........             7
.....****....................................**.*......**             7
...................................*...................*.             7
....................................*............*....*..             7
..........**..............................*..............             6
...............*...................................*.*...             6
......*.*..........................*.....................             6
.....*.*.....................................**.*......**             6
........................................**........*......             6
..........*..........................*....*..............             6
.................**.*...*................................             6
..........**.............*...........***..*..............             6
.*..........*............................................             6
.*.*........*............................................             6
.....................*..*.*..............................             6
.................*............*..........................             6
.....................*.....*.............................             6
.....................................***.................             6
..........**.............................................             6
...................................*.........****......**             6
...........................................**............             6
..........*.....******.********.**...***..*..............             6
.............***.........................................             6
.....................*....*.**...........................             6
.....................*....**.............................             6
..........*...........................*..................             6
...................................*..........*........**             6
.................****....................................             6
.......................**.*..............................             5
.********.***...***************************..******...***             5
...............*...................................**....             5
........................................**.......*....*..             5
...................*.......***...........................             5
.................**..*..*................................             5
.************...***************************..******...***             5
..............*.....................................*....             5
.....*.*..**....***************.***..***..*..**.*......**             5
....................*............*.......................             5
..........................*..*...........................             5
.....*.*........................................*........             5
.............**............................**............             5
..........*......*****.**.*****.**....*...*..............             5
.*..*....................................................             5
....*...............................*............**...*..             5
.............***....................................**...             5
..................*..*...................................             5
.................*.*.....................................             5
..........................***............................             5
.............*.*............................*............             5
..........*..........................***.................             5
..........................*.*............................             5
.................*...*....****...........................             5
.........................*........*......................             5
...................*...*.................................             5
................**.......................................             5
..........*.....*********.*****.**...***..*..............             5
..........*...........................**..*..............             5
....................*...........*........................             5
.............................................*.........*.             5

814 groups at (relative) frequency less than 5% not shown

Bootstrap consensus tree stored to tree buffer (replacing previously stored tree)

Time used for SVDQuartet analysis = 00:06:20 (CPU time = 01:45:16.3)

1 tree saved to file
"/nobackup/tmjj24/ddRAD/Demultiplexed_seq_processing/SNP_libraries_SDC_v2/Hetaerina_americana_ddRAD_titia_dg/SVDQuartets/Hetaerina_americana_ddRAD_tit
ia_dg_T20.tre"
